# JRE version: Java(TM) SE Runtime Environment (8.0_151-b12) (build 1.8.0_151-b12)
# Java VM: Java HotSpot(TM) 64-Bit Server VM (25.151-b12 mixed mode linux-amd64 compressed oops)
Heap:
 PSYoungGen      total 24064K, used 5670K [0x00000000d6c00000, 0x00000000d8480000, 0x0000000100000000)
  eden space 23552K, 24% used [0x00000000d6c00000,0x00000000d7189a38,0x00000000d8300000)
  from space 512K, 0% used [0x00000000d8400000,0x00000000d8400000,0x00000000d8480000)
  to   space 512K, 0% used [0x00000000d8380000,0x00000000d8380000,0x00000000d8400000)
 ParOldGen       total 84992K, used 1688K [0x0000000084400000, 0x0000000089700000, 0x00000000d6c00000)
  object space 84992K, 1% used [0x0000000084400000,0x00000000845a6378,0x0000000089700000)
 Metaspace       used 11300K, capacity 11494K, committed 11776K, reserved 1058816K
  class space    used 1350K, capacity 1445K, committed 1536K, reserved 1048576K
GC Heap History (10 events):
Event: 106,346 GC heap before
{Heap before GC invocations=66 (full 0):
 PSYoungGen      total 24064K, used 23552K [0x00000000d6c00000, 0x00000000d8480000, 0x0000000100000000)
  eden space 23552K, 100% used [0x00000000d6c00000,0x00000000d8300000,0x00000000d8300000)
  from space 512K, 0% used [0x00000000d8380000,0x00000000d8380000,0x00000000d8400000)
  to   space 512K, 0% used [0x00000000d8400000,0x00000000d8400000,0x00000000d8480000)
 ParOldGen       total 84992K, used 1688K [0x0000000084400000, 0x0000000089700000, 0x00000000d6c00000)
  object space 84992K, 1% used [0x0000000084400000,0x00000000845a6378,0x0000000089700000)
 Metaspace       used 11298K, capacity 11494K, committed 11776K, reserved 1058816K
  class space    used 1349K, capacity 1445K, committed 1536K, reserved 1048576K
Event: 106,348 GC heap after
Heap after GC invocations=66 (full 0):
 PSYoungGen      total 24064K, used 0K [0x00000000d6c00000, 0x00000000d8480000, 0x0000000100000000)
  eden space 23552K, 0% used [0x00000000d6c00000,0x00000000d6c00000,0x00000000d8300000)
  from space 512K, 0% used [0x00000000d8400000,0x00000000d8400000,0x00000000d8480000)
  to   space 512K, 0% used [0x00000000d8380000,0x00000000d8380000,0x00000000d8400000)
 ParOldGen       total 84992K, used 1688K [0x0000000084400000, 0x0000000089700000, 0x00000000d6c00000)
  object space 84992K, 1% used [0x0000000084400000,0x00000000845a6378,0x0000000089700000)
 Metaspace       used 11298K, capacity 11494K, committed 11776K, reserved 1058816K
  class space    used 1349K, capacity 1445K, committed 1536K, reserved 1048576K
}
Event: 107,918 GC heap before
{Heap before GC invocations=67 (full 0):
 PSYoungGen      total 24064K, used 23552K [0x00000000d6c00000, 0x00000000d8480000, 0x0000000100000000)
  eden space 23552K, 100% used [0x00000000d6c00000,0x00000000d8300000,0x00000000d8300000)
  from space 512K, 0% used [0x00000000d8400000,0x00000000d8400000,0x00000000d8480000)
  to   space 512K, 0% used [0x00000000d8380000,0x00000000d8380000,0x00000000d8400000)
 ParOldGen       total 84992K, used 1688K [0x0000000084400000, 0x0000000089700000, 0x00000000d6c00000)
  object space 84992K, 1% used [0x0000000084400000,0x00000000845a6378,0x0000000089700000)
 Metaspace       used 11298K, capacity 11494K, committed 11776K, reserved 1058816K
  class space    used 1349K, capacity 1445K, committed 1536K, reserved 1048576K
Event: 107,928 GC heap after
Heap after GC invocations=67 (full 0):
 PSYoungGen      total 24064K, used 0K [0x00000000d6c00000, 0x00000000d8480000, 0x0000000100000000)
  eden space 23552K, 0% used [0x00000000d6c00000,0x00000000d6c00000,0x00000000d8300000)
  from space 512K, 0% used [0x00000000d8380000,0x00000000d8380000,0x00000000d8400000)
  to   space 512K, 0% used [0x00000000d8400000,0x00000000d8400000,0x00000000d8480000)
 ParOldGen       total 84992K, used 1688K [0x0000000084400000, 0x0000000089700000, 0x00000000d6c00000)
  object space 84992K, 1% used [0x0000000084400000,0x00000000845a6378,0x0000000089700000)
 Metaspace       used 11298K, capacity 11494K, committed 11776K, reserved 1058816K
  class space    used 1349K, capacity 1445K, committed 1536K, reserved 1048576K
}
Event: 109,242 GC heap before
{Heap before GC invocations=68 (full 0):
 PSYoungGen      total 24064K, used 23552K [0x00000000d6c00000, 0x00000000d8480000, 0x0000000100000000)
  eden space 23552K, 100% used [0x00000000d6c00000,0x00000000d8300000,0x00000000d8300000)
  from space 512K, 0% used [0x00000000d8380000,0x00000000d8380000,0x00000000d8400000)
  to   space 512K, 0% used [0x00000000d8400000,0x00000000d8400000,0x00000000d8480000)
 ParOldGen       total 84992K, used 1688K [0x0000000084400000, 0x0000000089700000, 0x00000000d6c00000)
  object space 84992K, 1% used [0x0000000084400000,0x00000000845a6378,0x0000000089700000)
 Metaspace       used 11298K, capacity 11494K, committed 11776K, reserved 1058816K
  class space    used 1349K, capacity 1445K, committed 1536K, reserved 1048576K
Event: 109,242 GC heap after
Heap after GC invocations=68 (full 0):
 PSYoungGen      total 24064K, used 0K [0x00000000d6c00000, 0x00000000d8480000, 0x0000000100000000)
  eden space 23552K, 0% used [0x00000000d6c00000,0x00000000d6c00000,0x00000000d8300000)
  from space 512K, 0% used [0x00000000d8400000,0x00000000d8400000,0x00000000d8480000)
  to   space 512K, 0% used [0x00000000d8380000,0x00000000d8380000,0x00000000d8400000)
 ParOldGen       total 84992K, used 1688K [0x0000000084400000, 0x0000000089700000, 0x00000000d6c00000)
  object space 84992K, 1% used [0x0000000084400000,0x00000000845a6378,0x0000000089700000)
 Metaspace       used 11298K, capacity 11494K, committed 11776K, reserved 1058816K
  class space    used 1349K, capacity 1445K, committed 1536K, reserved 1048576K
}
Event: 111,038 GC heap before
{Heap before GC invocations=69 (full 0):
 PSYoungGen      total 24064K, used 23552K [0x00000000d6c00000, 0x00000000d8480000, 0x0000000100000000)
  eden space 23552K, 100% used [0x00000000d6c00000,0x00000000d8300000,0x00000000d8300000)
  from space 512K, 0% used [0x00000000d8400000,0x00000000d8400000,0x00000000d8480000)
  to   space 512K, 0% used [0x00000000d8380000,0x00000000d8380000,0x00000000d8400000)
 ParOldGen       total 84992K, used 1688K [0x0000000084400000, 0x0000000089700000, 0x00000000d6c00000)
  object space 84992K, 1% used [0x0000000084400000,0x00000000845a6378,0x0000000089700000)
 Metaspace       used 11298K, capacity 11494K, committed 11776K, reserved 1058816K
  class space    used 1349K, capacity 1445K, committed 1536K, reserved 1048576K
Event: 111,039 GC heap after
Heap after GC invocations=69 (full 0):
 PSYoungGen      total 24064K, used 0K [0x00000000d6c00000, 0x00000000d8480000, 0x0000000100000000)
  eden space 23552K, 0% used [0x00000000d6c00000,0x00000000d6c00000,0x00000000d8300000)
  from space 512K, 0% used [0x00000000d8380000,0x00000000d8380000,0x00000000d8400000)
  to   space 512K, 0% used [0x00000000d8400000,0x00000000d8400000,0x00000000d8480000)
 ParOldGen       total 84992K, used 1688K [0x0000000084400000, 0x0000000089700000, 0x00000000d6c00000)
  object space 84992K, 1% used [0x0000000084400000,0x00000000845a6378,0x0000000089700000)
 Metaspace       used 11298K, capacity 11494K, committed 11776K, reserved 1058816K
  class space    used 1349K, capacity 1445K, committed 1536K, reserved 1048576K
}
Event: 113,053 GC heap before
{Heap before GC invocations=70 (full 0):
 PSYoungGen      total 24064K, used 23552K [0x00000000d6c00000, 0x00000000d8480000, 0x0000000100000000)
  eden space 23552K, 100% used [0x00000000d6c00000,0x00000000d8300000,0x00000000d8300000)
  from space 512K, 0% used [0x00000000d8380000,0x00000000d8380000,0x00000000d8400000)
  to   space 512K, 0% used [0x00000000d8400000,0x00000000d8400000,0x00000000d8480000)
 ParOldGen       total 84992K, used 1688K [0x0000000084400000, 0x0000000089700000, 0x00000000d6c00000)
  object space 84992K, 1% used [0x0000000084400000,0x00000000845a6378,0x0000000089700000)
 Metaspace       used 11298K, capacity 11494K, committed 11776K, reserved 1058816K
  class space    used 1349K, capacity 1445K, committed 1536K, reserved 1048576K
Event: 113,054 GC heap after
Heap after GC invocations=70 (full 0):
 PSYoungGen      total 24064K, used 0K [0x00000000d6c00000, 0x00000000d8480000, 0x0000000100000000)
  eden space 23552K, 0% used [0x00000000d6c00000,0x00000000d6c00000,0x00000000d8300000)
  from space 512K, 0% used [0x00000000d8400000,0x00000000d8400000,0x00000000d8480000)
  to   space 512K, 0% used [0x00000000d8380000,0x00000000d8380000,0x00000000d8400000)
 ParOldGen       total 84992K, used 1688K [0x0000000084400000, 0x0000000089700000, 0x00000000d6c00000)
  object space 84992K, 1% used [0x0000000084400000,0x00000000845a6378,0x0000000089700000)
 Metaspace       used 11298K, capacity 11494K, committed 11776K, reserved 1058816K
  class space    used 1349K, capacity 1445K, committed 1536K, reserved 1048576K
}

