# JRE version: Java(TM) SE Runtime Environment (8.0_151-b12) (build 1.8.0_151-b12)
# Java VM: Java HotSpot(TM) 64-Bit Server VM (25.151-b12 mixed mode linux-amd64 compressed oops)
Heap:
 PSYoungGen      total 36864K, used 7178K [0x00000000d6c00000, 0x00000000d9500000, 0x0000000100000000)
  eden space 31744K, 6% used [0x00000000d6c00000,0x00000000d6e2b4a8,0x00000000d8b00000)
  from space 5120K, 96% used [0x00000000d8b00000,0x00000000d8fd7358,0x00000000d9000000)
  to   space 5120K, 0% used [0x00000000d9000000,0x00000000d9000000,0x00000000d9500000)
 ParOldGen       total 84992K, used 2378K [0x0000000084400000, 0x0000000089700000, 0x00000000d6c00000)
  object space 84992K, 2% used [0x0000000084400000,0x0000000084652848,0x0000000089700000)
 Metaspace       used 18611K, capacity 18882K, committed 18944K, reserved 1067008K
  class space    used 2169K, capacity 2271K, committed 2304K, reserved 1048576K
GC Heap History (6 events):
Event: 3,236 GC heap before
{Heap before GC invocations=1 (full 0):
 PSYoungGen      total 36864K, used 31744K [0x00000000d6c00000, 0x00000000d9500000, 0x0000000100000000)
  eden space 31744K, 100% used [0x00000000d6c00000,0x00000000d8b00000,0x00000000d8b00000)
  from space 5120K, 0% used [0x00000000d9000000,0x00000000d9000000,0x00000000d9500000)
  to   space 5120K, 0% used [0x00000000d8b00000,0x00000000d8b00000,0x00000000d9000000)
 ParOldGen       total 84992K, used 0K [0x0000000084400000, 0x0000000089700000, 0x00000000d6c00000)
  object space 84992K, 0% used [0x0000000084400000,0x0000000084400000,0x0000000089700000)
 Metaspace       used 14360K, capacity 14600K, committed 14848K, reserved 1062912K
  class space    used 1662K, capacity 1748K, committed 1792K, reserved 1048576K
Event: 3,244 GC heap after
Heap after GC invocations=1 (full 0):
 PSYoungGen      total 36864K, used 3347K [0x00000000d6c00000, 0x00000000d9500000, 0x0000000100000000)
  eden space 31744K, 0% used [0x00000000d6c00000,0x00000000d6c00000,0x00000000d8b00000)
  from space 5120K, 65% used [0x00000000d8b00000,0x00000000d8e44d38,0x00000000d9000000)
  to   space 5120K, 0% used [0x00000000d9000000,0x00000000d9000000,0x00000000d9500000)
 ParOldGen       total 84992K, used 16K [0x0000000084400000, 0x0000000089700000, 0x00000000d6c00000)
  object space 84992K, 0% used [0x0000000084400000,0x0000000084404000,0x0000000089700000)
 Metaspace       used 14360K, capacity 14600K, committed 14848K, reserved 1062912K
  class space    used 1662K, capacity 1748K, committed 1792K, reserved 1048576K
}
Event: 5,938 GC heap before
{Heap before GC invocations=2 (full 0):
 PSYoungGen      total 36864K, used 35091K [0x00000000d6c00000, 0x00000000d9500000, 0x0000000100000000)
  eden space 31744K, 100% used [0x00000000d6c00000,0x00000000d8b00000,0x00000000d8b00000)
  from space 5120K, 65% used [0x00000000d8b00000,0x00000000d8e44d38,0x00000000d9000000)
  to   space 5120K, 0% used [0x00000000d9000000,0x00000000d9000000,0x00000000d9500000)
 ParOldGen       total 84992K, used 16K [0x0000000084400000, 0x0000000089700000, 0x00000000d6c00000)
  object space 84992K, 0% used [0x0000000084400000,0x0000000084404000,0x0000000089700000)
 Metaspace       used 17278K, capacity 17530K, committed 17792K, reserved 1064960K
  class space    used 1955K, capacity 2077K, committed 2176K, reserved 1048576K
Event: 5,951 GC heap after
Heap after GC invocations=2 (full 0):
 PSYoungGen      total 36864K, used 5113K [0x00000000d6c00000, 0x00000000d9500000, 0x0000000100000000)
  eden space 31744K, 0% used [0x00000000d6c00000,0x00000000d6c00000,0x00000000d8b00000)
  from space 5120K, 99% used [0x00000000d9000000,0x00000000d94fe420,0x00000000d9500000)
  to   space 5120K, 0% used [0x00000000d8b00000,0x00000000d8b00000,0x00000000d9000000)
 ParOldGen       total 84992K, used 2370K [0x0000000084400000, 0x0000000089700000, 0x00000000d6c00000)
  object space 84992K, 2% used [0x0000000084400000,0x0000000084650848,0x0000000089700000)
 Metaspace       used 17278K, capacity 17530K, committed 17792K, reserved 1064960K
  class space    used 1955K, capacity 2077K, committed 2176K, reserved 1048576K
}
Event: 10,842 GC heap before
{Heap before GC invocations=3 (full 0):
 PSYoungGen      total 36864K, used 36857K [0x00000000d6c00000, 0x00000000d9500000, 0x0000000100000000)
  eden space 31744K, 100% used [0x00000000d6c00000,0x00000000d8b00000,0x00000000d8b00000)
  from space 5120K, 99% used [0x00000000d9000000,0x00000000d94fe420,0x00000000d9500000)
  to   space 5120K, 0% used [0x00000000d8b00000,0x00000000d8b00000,0x00000000d9000000)
 ParOldGen       total 84992K, used 2370K [0x0000000084400000, 0x0000000089700000, 0x00000000d6c00000)
  object space 84992K, 2% used [0x0000000084400000,0x0000000084650848,0x0000000089700000)
 Metaspace       used 17574K, capacity 17850K, committed 18048K, reserved 1064960K
  class space    used 1984K, capacity 2077K, committed 2176K, reserved 1048576K
Event: 10,851 GC heap after
Heap after GC invocations=3 (full 0):
 PSYoungGen      total 36864K, used 4956K [0x00000000d6c00000, 0x00000000d9500000, 0x0000000100000000)
  eden space 31744K, 0% used [0x00000000d6c00000,0x00000000d6c00000,0x00000000d8b00000)
  from space 5120K, 96% used [0x00000000d8b00000,0x00000000d8fd7358,0x00000000d9000000)
  to   space 5120K, 0% used [0x00000000d9000000,0x00000000d9000000,0x00000000d9500000)
 ParOldGen       total 84992K, used 2378K [0x0000000084400000, 0x0000000089700000, 0x00000000d6c00000)
  object space 84992K, 2% used [0x0000000084400000,0x0000000084652848,0x0000000089700000)
 Metaspace       used 17574K, capacity 17850K, committed 18048K, reserved 1064960K
  class space    used 1984K, capacity 2077K, committed 2176K, reserved 1048576K
}

